Starting build... 
Microsoft (R) C/C++ Optimizing Compiler Version 19.29.30159 for x64
Copyright (C) Microsoft Corporation.  All rights reserved.

ColorScanner.cpp
scan_cube.cpp
RubiksCube.cpp
Generating Code...
D:\Rcube\rubikscube\Model\Representation\RubiksCube.cpp(23) : warning C4715: 'RubiksCube::getColorLetter': not all control paths return a value
D:\Rcube\rubikscube\Model\Representation\RubiksCube.cpp(110) : warning C4715: 'RubiksCube::move': not all control paths return a value
D:\Rcube\rubikscube\Model\Representation\RubiksCube.cpp(154) : warning C4715: 'RubiksCube::invert': not all control paths return a value
D:\Rcube\rubikscube\Model\Representation\RubiksCube.cpp(66) : warning C4715: 'RubiksCube::getMove': not all control paths return a value
Microsoft (R) Incremental Linker Version 14.29.30159.0
Copyright (C) Microsoft Corporation.  All rights reserved.

/out:D:\Rcube\rubikscube\build\scan_cube.exe 
/LIBPATH:D:\Rcube\vcpkg\installed\x64-windows\lib 
opencv_core4.lib 
opencv_highgui4.lib 
opencv_imgproc4.lib 
opencv_videoio4.lib 
opencv_imgcodecs4.lib 
ColorScanner.obj 
scan_cube.obj 
RubiksCube.obj 
Build Success 
All DLLs copied 
